-- The C compiler identification is GNU 11.3.0
-- The CXX compiler identification is GNU 11.3.0
-- Detecting C compiler ABI info
-- Detecting C compiler ABI info - done
-- Check for working C compiler: /usr/bin/cc - skipped
-- Detecting C compile features
-- Detecting C compile features - done
-- Detecting CXX compiler ABI info
-- Detecting CXX compiler ABI info - done
-- Check for working CXX compiler: /usr/bin/c++ - skipped
-- Detecting CXX compile features
-- Detecting CXX compile features - done
-- Looking for pthread.h
-- Looking for pthread.h - found
-- Performing Test CMAKE_HAVE_LIBC_PTHREAD
-- Performing Test CMAKE_HAVE_LIBC_PTHREAD - Success
-- Found Threads: TRUE  
-- Found Protobuf: /home/khalefa/projects/NoName/loaders/bridge/PACKAGES/grpc/bin/protoc-23.1.0 (found version "23.1.0") 
-- Using protobuf 
-- Using protobuf 
-- Using gRPC 1.56.0
-- Protobuf libraries: /home/khalefa/projects/NoName/loaders/bridge/PACKAGES/grpc/lib/libprotobuf.a
-- Protobuf include path: /home/khalefa/projects/NoName/loaders/bridge/PACKAGES/grpc/include
-- Protobuf compiler libraries: /home/khalefa/projects/NoName/loaders/bridge/PACKAGES/grpc/lib/libprotoc.a
-- Protobuf compiler: /home/khalefa/projects/NoName/loaders/bridge/PACKAGES/grpc/bin/protoc-23.1.0
-- gRPC libraries: 
-- gRPC include path: 
-- Configuring done
CMake Error at CMakeLists.txt:28 (add_executable):
  Target "Bridge" links to target "OpenSSL::SSL" but the target was not
  found.  Perhaps a find_package() call is missing for an IMPORTED target, or
  an ALIAS target is missing?


-- Generating done
CMake Warning:
  Manually-specified variables were not used by the project:

    OPENSSL_ROOT_DIR


CMake Generate step failed.  Build files cannot be regenerated correctly.
[ 25%] Building CXX object CMakeFiles/Bridge.dir/src/bridge.cpp.o
[ 50%] Building CXX object CMakeFiles/Bridge.dir/src/pb/bridge.pb.cc.o
[ 75%] Building CXX object CMakeFiles/Bridge.dir/src/pb/bridge.grpc.pb.cc.o
[100%] Linking CXX executable Bridge
/usr/bin/ld: cannot find -lOpenSSL::SSL: No such file or directory
collect2: error: ld returned 1 exit status
gmake[2]: *** [CMakeFiles/Bridge.dir/build.make:212: Bridge] Error 1
gmake[1]: *** [CMakeFiles/Makefile2:83: CMakeFiles/Bridge.dir/all] Error 2
gmake: *** [Makefile:91: all] Error 2
